<?xml version="1.0" encoding="UTF-8"?>
<!-- Generated by org.testng.reporters.JUnitXMLReporter -->
<testsuite hostname="p4a-508SD55" name="Test" tests="2" failures="1" timestamp="24 Jul 2018 07:05:25 GMT" time="1.939" errors="0">
  <testcase name="LoginValid" time="0.071" classname="com.accenture.tests.LoginTest"/>
  <testcase name="LoginInvalid" time="0.01" classname="com.accenture.tests.LoginTest">
    <failure type="java.lang.AssertionError" message="expected [Tested123] but found [Tested]">
      <![CDATA[java.lang.AssertionError: expected [Tested123] but found [Tested]
	at com.accenture.tests.LoginTest.LoginInvalid(LoginTest.java:18)
... Removed 29 stack frames]]>
    </failure>
  </testcase> <!-- LoginInvalid -->
</testsuite> <!-- Test -->
